<?xml version="1.0" encoding="UTF-8"?>
<!-- Generated by org.testng.reporters.JUnitReportReporter -->
<testsuite hostname="DESKTOP-D67ATHK" failures="0" tests="2" name="seleniumQAidea.Parametrization" time="12.461" errors="0" timestamp="2024-01-03T23:08:41 IST" skipped="0">
  <testcase classname="seleniumQAidea.Parametrization" name="logintest" time="8.660"/>
  <testcase classname="seleniumQAidea.Parametrization" name="logintest" time="3.801"/>
</testsuite> <!-- seleniumQAidea.Parametrization -->
