<?xml version="1.0" encoding="UTF-8"?>
<!-- Generated by org.testng.reporters.JUnitReportReporter -->
<testsuite hostname="DESKTOP-D67ATHK" failures="0" tests="1" name="seleniumQAidea.Testng1" time="0.014" errors="0" timestamp="2024-01-01T17:32:47 IST" skipped="0">
  <testcase classname="seleniumQAidea.Testng1" name="a2" time="0.014"/>
</testsuite> <!-- seleniumQAidea.Testng1 -->
